<?xml version="1.0" encoding="UTF-8"?>
<testng-results ignored="0" total="2" passed="2" failed="0" skipped="0">
  <reporter-output>
  </reporter-output>
  <suite started-at="2022-10-21T21:48:50 IST" name="Suite" finished-at="2022-10-21T21:49:18 IST" duration-ms="27853">
    <groups>
    </groups>
    <test started-at="2022-10-21T21:48:50 IST" name="Test" finished-at="2022-10-21T21:49:18 IST" duration-ms="27853">
      <class name="test.loginAndLOgout">
        <test-method signature="loginlogoutmethod()[pri:0, instance:test.loginAndLOgout@e1de817]" started-at="2022-10-21T21:48:50 IST" name="loginlogoutmethod" finished-at="2022-10-21T21:49:09 IST" duration-ms="18590" status="PASS">
          <reporter-output>
          </reporter-output>
        </test-method> <!-- loginlogoutmethod -->
      </class> <!-- test.loginAndLOgout -->
      <class name="test.DemoWebShopRegister">
        <test-method signature="register()[pri:0, instance:test.DemoWebShopRegister@61386958]" started-at="2022-10-21T21:49:09 IST" name="register" finished-at="2022-10-21T21:49:18 IST" duration-ms="9206" status="PASS">
          <reporter-output>
          </reporter-output>
        </test-method> <!-- register -->
      </class> <!-- test.DemoWebShopRegister -->
    </test> <!-- Test -->
  </suite> <!-- Suite -->
</testng-results>
